Build started 2015/7/13 0:31:06.
     1>Project "C:\Users\Rocky\Documents\Codes\DX11\D3D Blending\D3D Blending\D3D Blending.vcxproj" on node 2 (build target(s)).
     1>InitializeBuildStatus:
         Creating "Debug\Blending.unsuccessfulbuild" because "AlwaysCreate" was specified.
       CustomBuild:
         All outputs are up-to-date.
       ClCompile:
         c:\Program Files (x86)\Microsoft Visual Studio 10.0\VC\bin\CL.exe /c /ZI /nologo /W3 /WX- /Od /Oy- /D WIN32 /D _DEBUG /D _WINDOWS /D _UNICODE /D UNICODE /Gm /EHsc /RTC1 /MDd /GS /fp:precise /Zc:wchar_t /Zc:forScope /Fo"Debug\\" /Fd"Debug\vc100.pdb" /Gd /TP /analyze- /errorReport:prompt BlendDemo.cpp RenderStates.cpp
         RenderStates.cpp
         BlendDemo.cpp
     1>c:\users\rocky\documents\codes\dx11\d3d blending\d3d blending\blenddemo.cpp(103): warning C4482: nonstandard extension used: enum 'RenderOptions' used in qualified name
     1>c:\users\rocky\documents\codes\dx11\d3d blending\d3d blending\blenddemo.cpp(275): warning C4482: nonstandard extension used: enum 'RenderOptions' used in qualified name
     1>c:\users\rocky\documents\codes\dx11\d3d blending\d3d blending\blenddemo.cpp(277): warning C4482: nonstandard extension used: enum 'RenderOptions' used in qualified name
     1>c:\users\rocky\documents\codes\dx11\d3d blending\d3d blending\blenddemo.cpp(279): warning C4482: nonstandard extension used: enum 'RenderOptions' used in qualified name
     1>c:\users\rocky\documents\codes\dx11\d3d blending\d3d blending\blenddemo.cpp(311): warning C4482: nonstandard extension used: enum 'RenderOptions' used in qualified name
     1>c:\users\rocky\documents\codes\dx11\d3d blending\d3d blending\blenddemo.cpp(315): warning C4482: nonstandard extension used: enum 'RenderOptions' used in qualified name
     1>c:\users\rocky\documents\codes\dx11\d3d blending\d3d blending\blenddemo.cpp(319): warning C4482: nonstandard extension used: enum 'RenderOptions' used in qualified name
         Generating Code...
       ManifestResourceCompile:
         All outputs are up-to-date.
       Link:
         c:\Program Files (x86)\Microsoft Visual Studio 10.0\VC\bin\link.exe /ERRORREPORT:PROMPT /OUT:"C:\Users\Rocky\Documents\Codes\DX11\D3D Blending\Debug\Blending.exe" /INCREMENTAL /NOLOGO d3d11.lib d3dx11d.lib D3DCompiler.lib Effects11d.lib dxerr.lib dxgi.lib dxguid.lib kernel32.lib user32.lib gdi32.lib winspool.lib comdlg32.lib advapi32.lib shell32.lib ole32.lib oleaut32.lib uuid.lib odbc32.lib odbccp32.lib /MANIFEST /ManifestFile:"Debug\Blending.exe.intermediate.manifest" /MANIFESTUAC:"level='asInvoker' uiAccess='false'" /DEBUG /PDB:"C:\Users\Rocky\Documents\Codes\DX11\D3D Blending\Debug\Blending.pdb" /SUBSYSTEM:WINDOWS /TLBID:1 /DYNAMICBASE /NXCOMPAT /IMPLIB:"C:\Users\Rocky\Documents\Codes\DX11\D3D Blending\Debug\Blending.lib" /MACHINE:X86 Debug\Blending.exe.embed.manifest.res
         Debug\Camera.obj
         Debug\d3dApp.obj
         Debug\d3dUtil.obj
         Debug\GameTimer.obj
         Debug\GeometryGenerator.obj
         Debug\LighHelper.obj
         Debug\LightHelper.obj
         Debug\MathHelper.obj
         Debug\TextureMgr.obj
         Debug\Waves.obj
         Debug\xnacollision.obj
         Debug\BlendDemo.obj
         Debug\Effects.obj
         Debug\RenderStates.obj
         Debug\Vertex.obj
       Manifest:
         c:\Program Files (x86)\Microsoft SDKs\Windows\v7.0A\bin\mt.exe /nologo /verbose /out:"Debug\Blending.exe.embed.manifest" /manifest Debug\Blending.exe.intermediate.manifest
         All outputs are up-to-date.
       LinkEmbedManifest:
         All outputs are up-to-date.
         D3D Blending.vcxproj -> C:\Users\Rocky\Documents\Codes\DX11\D3D Blending\Debug\Blending.exe
       FinalizeBuildStatus:
         Deleting file "Debug\Blending.unsuccessfulbuild".
         Touching "Debug\Blending.lastbuildstate".
     1>Done Building Project "C:\Users\Rocky\Documents\Codes\DX11\D3D Blending\D3D Blending\D3D Blending.vcxproj" (build target(s)).

Build succeeded.

Time Elapsed 00:00:03.39
